# JRE version: OpenJDK Runtime Environment (8.0_242-b01) (build 1.8.0_242-release-1644-b01)
# Java VM: OpenJDK 64-Bit Server VM (25.242-b01 mixed mode windows-amd64 compressed oops)
Heap:
 PSYoungGen      total 119808K, used 105379K [0x00000000f5580000, 0x00000000fef00000, 0x0000000100000000)
  eden space 89600K, 97% used [0x00000000f5580000,0x00000000fab04630,0x00000000fad00000)
  from space 30208K, 58% used [0x00000000fd180000,0x00000000fe2e48a8,0x00000000fef00000)
  to   space 33792K, 0% used [0x00000000fad00000,0x00000000fad00000,0x00000000fce00000)
 ParOldGen       total 175104K, used 18006K [0x00000000e0000000, 0x00000000eab00000, 0x00000000f5580000)
  object space 175104K, 10% used [0x00000000e0000000,0x00000000e1195968,0x00000000eab00000)
 Metaspace       used 55003K, capacity 57766K, committed 58032K, reserved 1099776K
  class space    used 7320K, capacity 8022K, committed 8112K, reserved 1048576K
GC Heap History (10 events):
Event: 1087.113 GC heap before
{Heap before GC invocations=10 (full 2):
 PSYoungGen      total 124928K, used 27106K [0x00000000f5580000, 0x0000000100000000, 0x0000000100000000)
  eden space 97792K, 0% used [0x00000000f5580000,0x00000000f5580000,0x00000000fb500000)
  from space 27136K, 99% used [0x00000000fe580000,0x00000000ffff8b88,0x0000000100000000)
  to   space 38400K, 0% used [0x00000000fb500000,0x00000000fb500000,0x00000000fda80000)
 ParOldGen       total 175104K, used 36384K [0x00000000e0000000, 0x00000000eab00000, 0x00000000f5580000)
  object space 175104K, 20% used [0x00000000e0000000,0x00000000e2388258,0x00000000eab00000)
 Metaspace       used 34270K, capacity 35418K, committed 35496K, reserved 1079296K
  class space    used 4607K, capacity 4870K, committed 4912K, reserved 1048576K
Event: 1090.333 GC heap after
Heap after GC invocations=10 (full 2):
 PSYoungGen      total 124928K, used 0K [0x00000000f5580000, 0x0000000100000000, 0x0000000100000000)
  eden space 97792K, 0% used [0x00000000f5580000,0x00000000f5580000,0x00000000fb500000)
  from space 27136K, 0% used [0x00000000fe580000,0x00000000fe580000,0x0000000100000000)
  to   space 38400K, 0% used [0x00000000fb500000,0x00000000fb500000,0x00000000fda80000)
 ParOldGen       total 175104K, used 17982K [0x00000000e0000000, 0x00000000eab00000, 0x00000000f5580000)
  object space 175104K, 10% used [0x00000000e0000000,0x00000000e118f968,0x00000000eab00000)
 Metaspace       used 34134K, capacity 35176K, committed 35496K, reserved 1079296K
  class space    used 4576K, capacity 4811K, committed 4912K, reserved 1048576K
}
Event: 1095.916 GC heap before
{Heap before GC invocations=11 (full 2):
 PSYoungGen      total 124928K, used 97792K [0x00000000f5580000, 0x0000000100000000, 0x0000000100000000)
  eden space 97792K, 100% used [0x00000000f5580000,0x00000000fb500000,0x00000000fb500000)
  from space 27136K, 0% used [0x00000000fe580000,0x00000000fe580000,0x0000000100000000)
  to   space 38400K, 0% used [0x00000000fb500000,0x00000000fb500000,0x00000000fda80000)
 ParOldGen       total 175104K, used 17982K [0x00000000e0000000, 0x00000000eab00000, 0x00000000f5580000)
  object space 175104K, 10% used [0x00000000e0000000,0x00000000e118f968,0x00000000eab00000)
 Metaspace       used 34499K, capacity 35670K, committed 35888K, reserved 1081344K
  class space    used 4607K, capacity 4882K, committed 4912K, reserved 1048576K
Event: 1095.996 GC heap after
Heap after GC invocations=11 (full 2):
 PSYoungGen      total 115200K, used 19376K [0x00000000f5580000, 0x00000000ffb00000, 0x0000000100000000)
  eden space 95744K, 0% used [0x00000000f5580000,0x00000000f5580000,0x00000000fb300000)
  from space 19456K, 99% used [0x00000000fb500000,0x00000000fc7ec010,0x00000000fc800000)
  to   space 36864K, 0% used [0x00000000fd700000,0x00000000fd700000,0x00000000ffb00000)
 ParOldGen       total 175104K, used 17990K [0x00000000e0000000, 0x00000000eab00000, 0x00000000f5580000)
  object space 175104K, 10% used [0x00000000e0000000,0x00000000e1191968,0x00000000eab00000)
 Metaspace       used 34499K, capacity 35670K, committed 35888K, reserved 1081344K
  class space    used 4607K, capacity 4882K, committed 4912K, reserved 1048576K
}
Event: 1162.745 GC heap before
{Heap before GC invocations=12 (full 2):
 PSYoungGen      total 115200K, used 115120K [0x00000000f5580000, 0x00000000ffb00000, 0x0000000100000000)
  eden space 95744K, 100% used [0x00000000f5580000,0x00000000fb300000,0x00000000fb300000)
  from space 19456K, 99% used [0x00000000fb500000,0x00000000fc7ec010,0x00000000fc800000)
  to   space 36864K, 0% used [0x00000000fd700000,0x00000000fd700000,0x00000000ffb00000)
 ParOldGen       total 175104K, used 17990K [0x00000000e0000000, 0x00000000eab00000, 0x00000000f5580000)
  object space 175104K, 10% used [0x00000000e0000000,0x00000000e1191968,0x00000000eab00000)
 Metaspace       used 38267K, capacity 39802K, committed 39856K, reserved 1083392K
  class space    used 5122K, capacity 5530K, committed 5552K, reserved 1048576K
Event: 1162.771 GC heap after
Heap after GC invocations=12 (full 2):
 PSYoungGen      total 126464K, used 12307K [0x00000000f5580000, 0x00000000ff700000, 0x0000000100000000)
  eden space 93696K, 0% used [0x00000000f5580000,0x00000000f5580000,0x00000000fb100000)
  from space 32768K, 37% used [0x00000000fd700000,0x00000000fe304ef0,0x00000000ff700000)
  to   space 35840K, 0% used [0x00000000fb100000,0x00000000fb100000,0x00000000fd400000)
 ParOldGen       total 175104K, used 17990K [0x00000000e0000000, 0x00000000eab00000, 0x00000000f5580000)
  object space 175104K, 10% used [0x00000000e0000000,0x00000000e1191968,0x00000000eab00000)
 Metaspace       used 38267K, capacity 39802K, committed 39856K, reserved 1083392K
  class space    used 5122K, capacity 5530K, committed 5552K, reserved 1048576K
}
Event: 1169.661 GC heap before
{Heap before GC invocations=13 (full 2):
 PSYoungGen      total 126464K, used 106003K [0x00000000f5580000, 0x00000000ff700000, 0x0000000100000000)
  eden space 93696K, 100% used [0x00000000f5580000,0x00000000fb100000,0x00000000fb100000)
  from space 32768K, 37% used [0x00000000fd700000,0x00000000fe304ef0,0x00000000ff700000)
  to   space 35840K, 0% used [0x00000000fb100000,0x00000000fb100000,0x00000000fd400000)
 ParOldGen       total 175104K, used 17990K [0x00000000e0000000, 0x00000000eab00000, 0x00000000f5580000)
  object space 175104K, 10% used [0x00000000e0000000,0x00000000e1191968,0x00000000eab00000)
 Metaspace       used 41562K, capacity 43494K, committed 43824K, reserved 1087488K
  class space    used 5590K, capacity 6088K, committed 6192K, reserved 1048576K
Event: 1169.675 GC heap after
Heap after GC invocations=13 (full 2):
 PSYoungGen      total 102400K, used 10691K [0x00000000f5580000, 0x00000000ff400000, 0x0000000100000000)
  eden space 91648K, 0% used [0x00000000f5580000,0x00000000f5580000,0x00000000faf00000)
  from space 10752K, 99% used [0x00000000fb100000,0x00000000fbb70f70,0x00000000fbb80000)
  to   space 35328K, 0% used [0x00000000fd180000,0x00000000fd180000,0x00000000ff400000)
 ParOldGen       total 175104K, used 17998K [0x00000000e0000000, 0x00000000eab00000, 0x00000000f5580000)
  object space 175104K, 10% used [0x00000000e0000000,0x00000000e1193968,0x00000000eab00000)
 Metaspace       used 41562K, capacity 43494K, committed 43824K, reserved 1087488K
  class space    used 5590K, capacity 6088K, committed 6192K, reserved 1048576K
}
Event: 1179.425 GC heap before
{Heap before GC invocations=14 (full 2):
 PSYoungGen      total 102400K, used 102339K [0x00000000f5580000, 0x00000000ff400000, 0x0000000100000000)
  eden space 91648K, 100% used [0x00000000f5580000,0x00000000faf00000,0x00000000faf00000)
  from space 10752K, 99% used [0x00000000fb100000,0x00000000fbb70f70,0x00000000fbb80000)
  to   space 35328K, 0% used [0x00000000fd180000,0x00000000fd180000,0x00000000ff400000)
 ParOldGen       total 175104K, used 17998K [0x00000000e0000000, 0x00000000eab00000, 0x00000000f5580000)
  object space 175104K, 10% used [0x00000000e0000000,0x00000000e1193968,0x00000000eab00000)
 Metaspace       used 49671K, capacity 52096K, committed 52400K, reserved 1093632K
  class space    used 6654K, capacity 7264K, committed 7344K, reserved 1048576K
Event: 1179.453 GC heap after
Heap after GC invocations=14 (full 2):
 PSYoungGen      total 119808K, used 17810K [0x00000000f5580000, 0x00000000fef00000, 0x0000000100000000)
  eden space 89600K, 0% used [0x00000000f5580000,0x00000000f5580000,0x00000000fad00000)
  from space 30208K, 58% used [0x00000000fd180000,0x00000000fe2e48a8,0x00000000fef00000)
  to   space 33792K, 0% used [0x00000000fad00000,0x00000000fad00000,0x00000000fce00000)
 ParOldGen       total 175104K, used 18006K [0x00000000e0000000, 0x00000000eab00000, 0x00000000f5580000)
  object space 175104K, 10% used [0x00000000e0000000,0x00000000e1195968,0x00000000eab00000)
 Metaspace       used 49671K, capacity 52096K, committed 52400K, reserved 1093632K
  class space    used 6654K, capacity 7264K, committed 7344K, reserved 1048576K
}

